<?xml version="1.0" encoding="UTF-8"?>
<!-- Generated by org.testng.reporters.JUnitXMLReporter -->
<testsuite ignored="0" hostname="DESKTOP-6PF4101" failures="0" tests="5" name="Default test" time="6.484" errors="0" timestamp="2021-09-29T15:12:19 IST">
  <testcase classname="com.webtest1.webtest1.NewTest2" name="test11" time="1.914"/>
  <testcase classname="com.webtest1.webtest1.NewTest2" name="test22" time="0.065"/>
  <testcase classname="com.webtest1.webtest1.NewTest2" name="test23" time="1.703"/>
  <testcase classname="com.webtest1.webtest1.NewTest2" name="test24" time="1.86"/>
  <testcase classname="com.webtest1.webtest1.NewTest2" name="test25" time="0.016"/>
</testsuite> <!-- Default test -->
