<?xml version="1.0" encoding="UTF-8"?>
<!-- Generated by org.testng.reporters.JUnitXMLReporter -->
<testsuite ignored="0" hostname="DESKTOP-6PF4101" failures="0" tests="8" name="Test" time="16.504" errors="0" timestamp="2021-09-29T15:15:33 IST">
  <testcase classname="com.webtest1.webtest1.NewTest2" name="test11" time="2.342"/>
  <testcase classname="com.webtest1.webtest1.NewTest2" name="test22" time="0.052"/>
  <testcase classname="com.webtest1.webtest1.NewTest2" name="test23" time="1.566"/>
  <testcase classname="com.webtest1.webtest1.NewTest2" name="test24" time="2.11"/>
  <testcase classname="com.webtest1.webtest1.NewTest2" name="test25" time="0.015"/>
  <testcase classname="com.webtest1.webtest1.NewTest" name="test1" time="2.839"/>
  <testcase classname="com.webtest1.webtest1.NewTest" name="test2" time="2.855"/>
  <testcase classname="com.webtest1.webtest1.NewTest" name="test3" time="3.146"/>
</testsuite> <!-- Test -->
