<?xml version="1.0" encoding="UTF-8"?>
<testsuite xmlns:xsi="http://www.w3.org/2001/XMLSchema-instance" xsi:noNamespaceSchemaLocation="https://maven.apache.org/surefire/maven-surefire-plugin/xsd/surefire-test-report.xsd" name="TestSuite" time="16.745" tests="8" errors="0" skipped="0" failures="0">
  <properties>
[...]
</properties>
  <testcase name="test11" classname="com.webtest1.webtest1.NewTest2" time="2.343"/>
  <testcase name="test22" classname="com.webtest1.webtest1.NewTest2" time="0.051"/>
  <testcase name="test23" classname="com.webtest1.webtest1.NewTest2" time="1.566"/>
  <testcase name="test24" classname="com.webtest1.webtest1.NewTest2" time="2.111"/>
  <testcase name="test25" classname="com.webtest1.webtest1.NewTest2" time="0.015"/>
  <testcase name="test1" classname="com.webtest1.webtest1.NewTest" time="2.84"/>
  <testcase name="test2" classname="com.webtest1.webtest1.NewTest" time="2.855"/>
  <testcase name="test3" classname="com.webtest1.webtest1.NewTest" time="3.146"/>
</testsuite>