<?xml version="1.0" encoding="UTF-8"?>
<testng-results ignored="0" total="8" passed="8" failed="0" skipped="0">
  <reporter-output>
  </reporter-output>
  <suite started-at="2021-09-29T15:15:16 IST" name="Suite" finished-at="2021-09-29T15:15:33 IST" duration-ms="16504">
    <groups>
    </groups>
    <test started-at="2021-09-29T15:15:16 IST" name="Test" finished-at="2021-09-29T15:15:33 IST" duration-ms="16504">
      <class name="com.webtest1.webtest1.NewTest">
        <test-method is-config="true" signature="beforeTest()[pri:0, instance:com.webtest1.webtest1.NewTest@4ef37659]" started-at="2021-09-29T15:15:16 IST" name="beforeTest" finished-at="2021-09-29T15:15:17 IST" duration-ms="836" status="PASS">
          <reporter-output>
          </reporter-output>
        </test-method> <!-- beforeTest -->
        <test-method signature="test1()[pri:0, instance:com.webtest1.webtest1.NewTest@4ef37659]" started-at="2021-09-29T15:15:24 IST" name="test1" finished-at="2021-09-29T15:15:27 IST" duration-ms="2839" status="PASS">
          <reporter-output>
          </reporter-output>
        </test-method> <!-- test1 -->
        <test-method signature="test2()[pri:0, instance:com.webtest1.webtest1.NewTest@4ef37659]" started-at="2021-09-29T15:15:27 IST" name="test2" finished-at="2021-09-29T15:15:29 IST" duration-ms="2855" status="PASS">
          <reporter-output>
          </reporter-output>
        </test-method> <!-- test2 -->
        <test-method signature="test3()[pri:0, instance:com.webtest1.webtest1.NewTest@4ef37659]" started-at="2021-09-29T15:15:29 IST" name="test3" finished-at="2021-09-29T15:15:33 IST" duration-ms="3146" status="PASS">
          <reporter-output>
          </reporter-output>
        </test-method> <!-- test3 -->
        <test-method is-config="true" signature="afterTest()[pri:0, instance:com.webtest1.webtest1.NewTest@4ef37659]" started-at="2021-09-29T15:15:33 IST" name="afterTest" finished-at="2021-09-29T15:15:33 IST" duration-ms="80" status="PASS">
          <reporter-output>
          </reporter-output>
        </test-method> <!-- afterTest -->
      </class> <!-- com.webtest1.webtest1.NewTest -->
      <class name="com.webtest1.webtest1.NewTest2">
        <test-method is-config="true" signature="beforeTest()[pri:0, instance:com.webtest1.webtest1.NewTest2@6f27a732]" started-at="2021-09-29T15:15:17 IST" name="beforeTest" finished-at="2021-09-29T15:15:18 IST" duration-ms="550" status="PASS">
          <reporter-output>
          </reporter-output>
        </test-method> <!-- beforeTest -->
        <test-method signature="test11()[pri:0, instance:com.webtest1.webtest1.NewTest2@6f27a732]" started-at="2021-09-29T15:15:18 IST" name="test11" finished-at="2021-09-29T15:15:20 IST" duration-ms="2342" status="PASS">
          <reporter-output>
          </reporter-output>
        </test-method> <!-- test11 -->
        <test-method signature="test22()[pri:0, instance:com.webtest1.webtest1.NewTest2@6f27a732]" started-at="2021-09-29T15:15:20 IST" name="test22" finished-at="2021-09-29T15:15:20 IST" duration-ms="52" status="PASS">
          <reporter-output>
          </reporter-output>
        </test-method> <!-- test22 -->
        <test-method signature="test23()[pri:0, instance:com.webtest1.webtest1.NewTest2@6f27a732]" started-at="2021-09-29T15:15:20 IST" name="test23" finished-at="2021-09-29T15:15:22 IST" duration-ms="1566" status="PASS">
          <reporter-output>
          </reporter-output>
        </test-method> <!-- test23 -->
        <test-method signature="test24()[pri:0, instance:com.webtest1.webtest1.NewTest2@6f27a732]" started-at="2021-09-29T15:15:22 IST" name="test24" finished-at="2021-09-29T15:15:24 IST" duration-ms="2110" status="PASS">
          <reporter-output>
          </reporter-output>
        </test-method> <!-- test24 -->
        <test-method signature="test25()[pri:0, instance:com.webtest1.webtest1.NewTest2@6f27a732]" started-at="2021-09-29T15:15:24 IST" name="test25" finished-at="2021-09-29T15:15:24 IST" duration-ms="15" status="PASS">
          <reporter-output>
          </reporter-output>
        </test-method> <!-- test25 -->
        <test-method is-config="true" signature="afterTest()[pri:0, instance:com.webtest1.webtest1.NewTest2@6f27a732]" started-at="2021-09-29T15:15:33 IST" name="afterTest" finished-at="2021-09-29T15:15:33 IST" duration-ms="94" status="PASS">
          <reporter-output>
          </reporter-output>
        </test-method> <!-- afterTest -->
      </class> <!-- com.webtest1.webtest1.NewTest2 -->
    </test> <!-- Test -->
  </suite> <!-- Suite -->
</testng-results>
