<?xml version="1.0" encoding="UTF-8"?>
<testng-results ignored="0" total="5" passed="5" failed="0" skipped="0">
  <reporter-output>
  </reporter-output>
  <suite started-at="2021-09-29T15:12:13 IST" name="Default suite" finished-at="2021-09-29T15:12:19 IST" duration-ms="6484">
    <groups>
    </groups>
    <test started-at="2021-09-29T15:12:13 IST" name="Default test" finished-at="2021-09-29T15:12:19 IST" duration-ms="6484">
      <class name="com.webtest1.webtest1.NewTest2">
        <test-method is-config="true" signature="beforeTest()[pri:0, instance:com.webtest1.webtest1.NewTest2@7e5afaa6]" started-at="2021-09-29T15:12:13 IST" name="beforeTest" finished-at="2021-09-29T15:12:14 IST" duration-ms="820" status="PASS">
          <reporter-output>
          </reporter-output>
        </test-method> <!-- beforeTest -->
        <test-method signature="test11()[pri:0, instance:com.webtest1.webtest1.NewTest2@7e5afaa6]" started-at="2021-09-29T15:12:14 IST" name="test11" finished-at="2021-09-29T15:12:16 IST" duration-ms="1914" status="PASS">
          <reporter-output>
          </reporter-output>
        </test-method> <!-- test11 -->
        <test-method signature="test22()[pri:0, instance:com.webtest1.webtest1.NewTest2@7e5afaa6]" started-at="2021-09-29T15:12:16 IST" name="test22" finished-at="2021-09-29T15:12:16 IST" duration-ms="65" status="PASS">
          <reporter-output>
          </reporter-output>
        </test-method> <!-- test22 -->
        <test-method signature="test23()[pri:0, instance:com.webtest1.webtest1.NewTest2@7e5afaa6]" started-at="2021-09-29T15:12:16 IST" name="test23" finished-at="2021-09-29T15:12:18 IST" duration-ms="1703" status="PASS">
          <reporter-output>
          </reporter-output>
        </test-method> <!-- test23 -->
        <test-method signature="test24()[pri:0, instance:com.webtest1.webtest1.NewTest2@7e5afaa6]" started-at="2021-09-29T15:12:18 IST" name="test24" finished-at="2021-09-29T15:12:19 IST" duration-ms="1860" status="PASS">
          <reporter-output>
          </reporter-output>
        </test-method> <!-- test24 -->
        <test-method signature="test25()[pri:0, instance:com.webtest1.webtest1.NewTest2@7e5afaa6]" started-at="2021-09-29T15:12:19 IST" name="test25" finished-at="2021-09-29T15:12:19 IST" duration-ms="16" status="PASS">
          <reporter-output>
          </reporter-output>
        </test-method> <!-- test25 -->
        <test-method is-config="true" signature="afterTest()[pri:0, instance:com.webtest1.webtest1.NewTest2@7e5afaa6]" started-at="2021-09-29T15:12:19 IST" name="afterTest" finished-at="2021-09-29T15:12:19 IST" duration-ms="89" status="PASS">
          <reporter-output>
          </reporter-output>
        </test-method> <!-- afterTest -->
      </class> <!-- com.webtest1.webtest1.NewTest2 -->
    </test> <!-- Default test -->
  </suite> <!-- Default suite -->
</testng-results>
